# JRE version: OpenJDK Runtime Environment (8.0_152-b01) (build 1.8.0_152-release-915-b01)
# Java VM: OpenJDK 64-Bit Server VM (25.152-b01 mixed mode windows-amd64 compressed oops)
Heap:
 PSYoungGen      total 166912K, used 4176K [0x00000000e0000000, 0x00000000ef200000, 0x0000000100000000)
  eden space 157184K, 2% used [0x00000000e0000000,0x00000000e04143a8,0x00000000e9980000)
  from space 9728K, 0% used [0x00000000e9980000,0x00000000e9980000,0x00000000ea300000)
  to   space 26112K, 0% used [0x00000000ed880000,0x00000000ed880000,0x00000000ef200000)
 ParOldGen       total 73216K, used 66329K [0x00000000a0000000, 0x00000000a4780000, 0x00000000e0000000)
  object space 73216K, 90% used [0x00000000a0000000,0x00000000a40c66f0,0x00000000a4780000)
 Metaspace       used 60805K, capacity 62994K, committed 63320K, reserved 1103872K
  class space    used 8002K, capacity 8514K, committed 8576K, reserved 1048576K
GC Heap History (10 events):
Event: 38.971 GC heap before
{Heap before GC invocations=27 (full 2):
 PSYoungGen      total 135168K, used 36836K [0x00000000e0000000, 0x00000000e8d00000, 0x0000000100000000)
  eden space 125952K, 29% used [0x00000000e0000000,0x00000000e23e92f8,0x00000000e7b00000)
  from space 9216K, 0% used [0x00000000e8400000,0x00000000e8410000,0x00000000e8d00000)
  to   space 9216K, 0% used [0x00000000e7b00000,0x00000000e7b00000,0x00000000e8400000)
 ParOldGen       total 49664K, used 31422K [0x00000000a0000000, 0x00000000a3080000, 0x00000000e0000000)
  object space 49664K, 63% used [0x00000000a0000000,0x00000000a1eaf8e8,0x00000000a3080000)
 Metaspace       used 56889K, capacity 58918K, committed 59028K, reserved 1099776K
  class space    used 7662K, capacity 8130K, committed 8192K, reserved 1048576K
Event: 38.979 GC heap after
Heap after GC invocations=27 (full 2):
 PSYoungGen      total 135168K, used 2182K [0x00000000e0000000, 0x00000000eae00000, 0x0000000100000000)
  eden space 125952K, 0% used [0x00000000e0000000,0x00000000e0000000,0x00000000e7b00000)
  from space 9216K, 23% used [0x00000000e7b00000,0x00000000e7d21950,0x00000000e8400000)
  to   space 9216K, 0% used [0x00000000ea500000,0x00000000ea500000,0x00000000eae00000)
 ParOldGen       total 49664K, used 31446K [0x00000000a0000000, 0x00000000a3080000, 0x00000000e0000000)
  object space 49664K, 63% used [0x00000000a0000000,0x00000000a1eb58e8,0x00000000a3080000)
 Metaspace       used 56889K, capacity 58918K, committed 59028K, reserved 1099776K
  class space    used 7662K, capacity 8130K, committed 8192K, reserved 1048576K
}
Event: 38.979 GC heap before
{Heap before GC invocations=28 (full 3):
 PSYoungGen      total 135168K, used 2182K [0x00000000e0000000, 0x00000000eae00000, 0x0000000100000000)
  eden space 125952K, 0% used [0x00000000e0000000,0x00000000e0000000,0x00000000e7b00000)
  from space 9216K, 23% used [0x00000000e7b00000,0x00000000e7d21950,0x00000000e8400000)
  to   space 9216K, 0% used [0x00000000ea500000,0x00000000ea500000,0x00000000eae00000)
 ParOldGen       total 49664K, used 31446K [0x00000000a0000000, 0x00000000a3080000, 0x00000000e0000000)
  object space 49664K, 63% used [0x00000000a0000000,0x00000000a1eb58e8,0x00000000a3080000)
 Metaspace       used 56889K, capacity 58918K, committed 59028K, reserved 1099776K
  class space    used 7662K, capacity 8130K, committed 8192K, reserved 1048576K
Event: 39.644 GC heap after
Heap after GC invocations=28 (full 3):
 PSYoungGen      total 135168K, used 0K [0x00000000e0000000, 0x00000000eae00000, 0x0000000100000000)
  eden space 125952K, 0% used [0x00000000e0000000,0x00000000e0000000,0x00000000e7b00000)
  from space 9216K, 0% used [0x00000000e7b00000,0x00000000e7b00000,0x00000000e8400000)
  to   space 9216K, 0% used [0x00000000ea500000,0x00000000ea500000,0x00000000eae00000)
 ParOldGen       total 73216K, used 31110K [0x00000000a0000000, 0x00000000a4780000, 0x00000000e0000000)
  object space 73216K, 42% used [0x00000000a0000000,0x00000000a1e619f8,0x00000000a4780000)
 Metaspace       used 56889K, capacity 58918K, committed 59028K, reserved 1099776K
  class space    used 7662K, capacity 8130K, committed 8192K, reserved 1048576K
}
Event: 47.304 GC heap before
{Heap before GC invocations=29 (full 3):
 PSYoungGen      total 135168K, used 125952K [0x00000000e0000000, 0x00000000eae00000, 0x0000000100000000)
  eden space 125952K, 100% used [0x00000000e0000000,0x00000000e7b00000,0x00000000e7b00000)
  from space 9216K, 0% used [0x00000000e7b00000,0x00000000e7b00000,0x00000000e8400000)
  to   space 9216K, 0% used [0x00000000ea500000,0x00000000ea500000,0x00000000eae00000)
 ParOldGen       total 73216K, used 31110K [0x00000000a0000000, 0x00000000a4780000, 0x00000000e0000000)
  object space 73216K, 42% used [0x00000000a0000000,0x00000000a1e619f8,0x00000000a4780000)
 Metaspace       used 60415K, capacity 62624K, committed 62808K, reserved 1103872K
  class space    used 7971K, capacity 8467K, committed 8576K, reserved 1048576K
Event: 47.324 GC heap after
Heap after GC invocations=29 (full 3):
 PSYoungGen      total 163840K, used 7220K [0x00000000e0000000, 0x00000000eac80000, 0x0000000100000000)
  eden space 156160K, 0% used [0x00000000e0000000,0x00000000e0000000,0x00000000e9880000)
  from space 7680K, 94% used [0x00000000ea500000,0x00000000eac0d260,0x00000000eac80000)
  to   space 9728K, 0% used [0x00000000e9980000,0x00000000e9980000,0x00000000ea300000)
 ParOldGen       total 73216K, used 31126K [0x00000000a0000000, 0x00000000a4780000, 0x00000000e0000000)
  object space 73216K, 42% used [0x00000000a0000000,0x00000000a1e659f8,0x00000000a4780000)
 Metaspace       used 60415K, capacity 62624K, committed 62808K, reserved 1103872K
  class space    used 7971K, capacity 8467K, committed 8576K, reserved 1048576K
}
Event: 48.646 GC heap before
{Heap before GC invocations=30 (full 3):
 PSYoungGen      total 163840K, used 163380K [0x00000000e0000000, 0x00000000eac80000, 0x0000000100000000)
  eden space 156160K, 100% used [0x00000000e0000000,0x00000000e9880000,0x00000000e9880000)
  from space 7680K, 94% used [0x00000000ea500000,0x00000000eac0d260,0x00000000eac80000)
  to   space 9728K, 0% used [0x00000000e9980000,0x00000000e9980000,0x00000000ea300000)
 ParOldGen       total 73216K, used 31126K [0x00000000a0000000, 0x00000000a4780000, 0x00000000e0000000)
  object space 73216K, 42% used [0x00000000a0000000,0x00000000a1e659f8,0x00000000a4780000)
 Metaspace       used 60827K, capacity 63086K, committed 63320K, reserved 1103872K
  class space    used 8014K, capacity 8534K, committed 8576K, reserved 1048576K
Event: 48.875 GC heap after
Heap after GC invocations=30 (full 3):
 PSYoungGen      total 166912K, used 9727K [0x00000000e0000000, 0x00000000ef200000, 0x0000000100000000)
  eden space 157184K, 0% used [0x00000000e0000000,0x00000000e0000000,0x00000000e9980000)
  from space 9728K, 99% used [0x00000000e9980000,0x00000000ea2ffff0,0x00000000ea300000)
  to   space 26112K, 0% used [0x00000000ed880000,0x00000000ed880000,0x00000000ef200000)
 ParOldGen       total 73216K, used 70338K [0x00000000a0000000, 0x00000000a4780000, 0x00000000e0000000)
  object space 73216K, 96% used [0x00000000a0000000,0x00000000a44b0bd8,0x00000000a4780000)
 Metaspace       used 60827K, capacity 63086K, committed 63320K, reserved 1103872K
  class space    used 8014K, capacity 8534K, committed 8576K, reserved 1048576K
}
Event: 48.881 GC heap before
{Heap before GC invocations=31 (full 4):
 PSYoungGen      total 166912K, used 9727K [0x00000000e0000000, 0x00000000ef200000, 0x0000000100000000)
  eden space 157184K, 0% used [0x00000000e0000000,0x00000000e0000000,0x00000000e9980000)
  from space 9728K, 99% used [0x00000000e9980000,0x00000000ea2ffff0,0x00000000ea300000)
  to   space 26112K, 0% used [0x00000000ed880000,0x00000000ed880000,0x00000000ef200000)
 ParOldGen       total 73216K, used 70338K [0x00000000a0000000, 0x00000000a4780000, 0x00000000e0000000)
  object space 73216K, 96% used [0x00000000a0000000,0x00000000a44b0bd8,0x00000000a4780000)
 Metaspace       used 60827K, capacity 63086K, committed 63320K, reserved 1103872K
  class space    used 8014K, capacity 8534K, committed 8576K, reserved 1048576K
Event: 49.346 GC heap after
Heap after GC invocations=31 (full 4):
 PSYoungGen      total 166912K, used 0K [0x00000000e0000000, 0x00000000ef200000, 0x0000000100000000)
  eden space 157184K, 0% used [0x00000000e0000000,0x00000000e0000000,0x00000000e9980000)
  from space 9728K, 0% used [0x00000000e9980000,0x00000000e9980000,0x00000000ea300000)
  to   space 26112K, 0% used [0x00000000ed880000,0x00000000ed880000,0x00000000ef200000)
 ParOldGen       total 73216K, used 66329K [0x00000000a0000000, 0x00000000a4780000, 0x00000000e0000000)
  object space 73216K, 90% used [0x00000000a0000000,0x00000000a40c66f0,0x00000000a4780000)
 Metaspace       used 60793K, capacity 62994K, committed 63320K, reserved 1103872K
  class space    used 8002K, capacity 8514K, committed 8576K, reserved 1048576K
}

