# JRE version: OpenJDK Runtime Environment (8.0_152-b01) (build 1.8.0_152-release-915-b01)
# Java VM: OpenJDK 64-Bit Server VM (25.152-b01 mixed mode windows-amd64 compressed oops)
Heap:
 PSYoungGen      total 446976K, used 126750K [0x00000000e0000000, 0x00000000ffc80000, 0x0000000100000000)
  eden space 403968K, 27% used [0x00000000e0000000,0x00000000e6b7ff38,0x00000000f8a80000)
  from space 43008K, 38% used [0x00000000fb300000,0x00000000fc347a08,0x00000000fdd00000)
  to   space 41472K, 0% used [0x00000000f8a80000,0x00000000f8a80000,0x00000000fb300000)
 ParOldGen       total 110592K, used 87692K [0x00000000a0000000, 0x00000000a6c00000, 0x00000000e0000000)
  object space 110592K, 79% used [0x00000000a0000000,0x00000000a55a30c8,0x00000000a6c00000)
 Metaspace       used 87481K, capacity 95248K, committed 95488K, reserved 1132544K
  class space    used 11056K, capacity 12757K, committed 12800K, reserved 1048576K
GC Heap History (10 events):
Event: 3941.328 GC heap before
{Heap before GC invocations=37 (full 3):
 PSYoungGen      total 312320K, used 286619K [0x00000000e0000000, 0x00000000f8400000, 0x0000000100000000)
  eden space 272896K, 100% used [0x00000000e0000000,0x00000000f0a80000,0x00000000f0a80000)
  from space 39424K, 34% used [0x00000000f0a80000,0x00000000f17e6cf8,0x00000000f3100000)
  to   space 37888K, 0% used [0x00000000f5f00000,0x00000000f5f00000,0x00000000f8400000)
 ParOldGen       total 110592K, used 69453K [0x00000000a0000000, 0x00000000a6c00000, 0x00000000e0000000)
  object space 110592K, 62% used [0x00000000a0000000,0x00000000a43d3708,0x00000000a6c00000)
 Metaspace       used 84701K, capacity 91042K, committed 91392K, reserved 1128448K
  class space    used 10745K, capacity 12172K, committed 12288K, reserved 1048576K
Event: 3941.830 GC heap after
Heap after GC invocations=37 (full 3):
 PSYoungGen      total 350208K, used 9247K [0x00000000e0000000, 0x00000000f7f00000, 0x0000000100000000)
  eden space 317440K, 0% used [0x00000000e0000000,0x00000000e0000000,0x00000000f3600000)
  from space 32768K, 28% used [0x00000000f5f00000,0x00000000f6807c38,0x00000000f7f00000)
  to   space 37376K, 0% used [0x00000000f3600000,0x00000000f3600000,0x00000000f5a80000)
 ParOldGen       total 110592K, used 78016K [0x00000000a0000000, 0x00000000a6c00000, 0x00000000e0000000)
  object space 110592K, 70% used [0x00000000a0000000,0x00000000a4c30058,0x00000000a6c00000)
 Metaspace       used 84701K, capacity 91042K, committed 91392K, reserved 1128448K
  class space    used 10745K, capacity 12172K, committed 12288K, reserved 1048576K
}
Event: 4208.744 GC heap before
{Heap before GC invocations=38 (full 3):
 PSYoungGen      total 350208K, used 326687K [0x00000000e0000000, 0x00000000f7f00000, 0x0000000100000000)
  eden space 317440K, 100% used [0x00000000e0000000,0x00000000f3600000,0x00000000f3600000)
  from space 32768K, 28% used [0x00000000f5f00000,0x00000000f6807c38,0x00000000f7f00000)
  to   space 37376K, 0% used [0x00000000f3600000,0x00000000f3600000,0x00000000f5a80000)
 ParOldGen       total 110592K, used 78016K [0x00000000a0000000, 0x00000000a6c00000, 0x00000000e0000000)
  object space 110592K, 70% used [0x00000000a0000000,0x00000000a4c30058,0x00000000a6c00000)
 Metaspace       used 85690K, capacity 92332K, committed 92544K, reserved 1130496K
  class space    used 10820K, capacity 12353K, committed 12416K, reserved 1048576K
Event: 4209.090 GC heap after
Heap after GC invocations=38 (full 3):
 PSYoungGen      total 354816K, used 20206K [0x00000000e0000000, 0x00000000fab00000, 0x0000000100000000)
  eden space 317440K, 0% used [0x00000000e0000000,0x00000000e0000000,0x00000000f3600000)
  from space 37376K, 54% used [0x00000000f3600000,0x00000000f49bb800,0x00000000f5a80000)
  to   space 36864K, 0% used [0x00000000f8700000,0x00000000f8700000,0x00000000fab00000)
 ParOldGen       total 110592K, used 79025K [0x00000000a0000000, 0x00000000a6c00000, 0x00000000e0000000)
  object space 110592K, 71% used [0x00000000a0000000,0x00000000a4d2c5b0,0x00000000a6c00000)
 Metaspace       used 85690K, capacity 92332K, committed 92544K, reserved 1130496K
  class space    used 10820K, capacity 12353K, committed 12416K, reserved 1048576K
}
Event: 4215.052 GC heap before
{Heap before GC invocations=39 (full 3):
 PSYoungGen      total 354816K, used 337646K [0x00000000e0000000, 0x00000000fab00000, 0x0000000100000000)
  eden space 317440K, 100% used [0x00000000e0000000,0x00000000f3600000,0x00000000f3600000)
  from space 37376K, 54% used [0x00000000f3600000,0x00000000f49bb800,0x00000000f5a80000)
  to   space 36864K, 0% used [0x00000000f8700000,0x00000000f8700000,0x00000000fab00000)
 ParOldGen       total 110592K, used 79025K [0x00000000a0000000, 0x00000000a6c00000, 0x00000000e0000000)
  object space 110592K, 71% used [0x00000000a0000000,0x00000000a4d2c5b0,0x00000000a6c00000)
 Metaspace       used 86051K, capacity 92746K, committed 93056K, reserved 1130496K
  class space    used 10834K, capacity 12358K, committed 12416K, reserved 1048576K
Event: 4215.140 GC heap after
Heap after GC invocations=39 (full 3):
 PSYoungGen      total 394752K, used 36834K [0x00000000e0000000, 0x00000000fb380000, 0x0000000100000000)
  eden space 357888K, 0% used [0x00000000e0000000,0x00000000e0000000,0x00000000f5d80000)
  from space 36864K, 99% used [0x00000000f8700000,0x00000000faaf8828,0x00000000fab00000)
  to   space 42496K, 0% used [0x00000000f5d80000,0x00000000f5d80000,0x00000000f8700000)
 ParOldGen       total 110592K, used 81189K [0x00000000a0000000, 0x00000000a6c00000, 0x00000000e0000000)
  object space 110592K, 73% used [0x00000000a0000000,0x00000000a4f49408,0x00000000a6c00000)
 Metaspace       used 86051K, capacity 92746K, committed 93056K, reserved 1130496K
  class space    used 10834K, capacity 12358K, committed 12416K, reserved 1048576K
}
Event: 4219.793 GC heap before
{Heap before GC invocations=40 (full 3):
 PSYoungGen      total 394752K, used 394239K [0x00000000e0000000, 0x00000000fb380000, 0x0000000100000000)
  eden space 357888K, 99% used [0x00000000e0000000,0x00000000f5d07640,0x00000000f5d80000)
  from space 36864K, 99% used [0x00000000f8700000,0x00000000faaf8828,0x00000000fab00000)
  to   space 42496K, 0% used [0x00000000f5d80000,0x00000000f5d80000,0x00000000f8700000)
 ParOldGen       total 110592K, used 81189K [0x00000000a0000000, 0x00000000a6c00000, 0x00000000e0000000)
  object space 110592K, 73% used [0x00000000a0000000,0x00000000a4f49408,0x00000000a6c00000)
 Metaspace       used 86557K, capacity 93230K, committed 93312K, reserved 1130496K
  class space    used 10876K, capacity 12402K, committed 12416K, reserved 1048576K
Event: 4219.822 GC heap after
Heap after GC invocations=40 (full 3):
 PSYoungGen      total 400384K, used 26307K [0x00000000e0000000, 0x00000000fdd00000, 0x0000000100000000)
  eden space 357888K, 0% used [0x00000000e0000000,0x00000000e0000000,0x00000000f5d80000)
  from space 42496K, 61% used [0x00000000f5d80000,0x00000000f7730ee0,0x00000000f8700000)
  to   space 43008K, 0% used [0x00000000fb300000,0x00000000fb300000,0x00000000fdd00000)
 ParOldGen       total 110592K, used 82498K [0x00000000a0000000, 0x00000000a6c00000, 0x00000000e0000000)
  object space 110592K, 74% used [0x00000000a0000000,0x00000000a5090918,0x00000000a6c00000)
 Metaspace       used 86557K, capacity 93230K, committed 93312K, reserved 1130496K
  class space    used 10876K, capacity 12402K, committed 12416K, reserved 1048576K
}
Event: 4219.875 GC heap before
{Heap before GC invocations=41 (full 3):
 PSYoungGen      total 400384K, used 383189K [0x00000000e0000000, 0x00000000fdd00000, 0x0000000100000000)
  eden space 357888K, 99% used [0x00000000e0000000,0x00000000f5c848d8,0x00000000f5d80000)
  from space 42496K, 61% used [0x00000000f5d80000,0x00000000f7730ee0,0x00000000f8700000)
  to   space 43008K, 0% used [0x00000000fb300000,0x00000000fb300000,0x00000000fdd00000)
 ParOldGen       total 110592K, used 82498K [0x00000000a0000000, 0x00000000a6c00000, 0x00000000e0000000)
  object space 110592K, 74% used [0x00000000a0000000,0x00000000a5090918,0x00000000a6c00000)
 Metaspace       used 86557K, capacity 93230K, committed 93312K, reserved 1130496K
  class space    used 10876K, capacity 12402K, committed 12416K, reserved 1048576K
Event: 4219.950 GC heap after
Heap after GC invocations=41 (full 3):
 PSYoungGen      total 446976K, used 16670K [0x00000000e0000000, 0x00000000ffc80000, 0x0000000100000000)
  eden space 403968K, 0% used [0x00000000e0000000,0x00000000e0000000,0x00000000f8a80000)
  from space 43008K, 38% used [0x00000000fb300000,0x00000000fc347a08,0x00000000fdd00000)
  to   space 41472K, 0% used [0x00000000f8a80000,0x00000000f8a80000,0x00000000fb300000)
 ParOldGen       total 110592K, used 87692K [0x00000000a0000000, 0x00000000a6c00000, 0x00000000e0000000)
  object space 110592K, 79% used [0x00000000a0000000,0x00000000a55a30c8,0x00000000a6c00000)
 Metaspace       used 86557K, capacity 93230K, committed 93312K, reserved 1130496K
  class space    used 10876K, capacity 12402K, committed 12416K, reserved 1048576K
}

